CRITICAL - 2026-06-09 10:49:57 --> ErrorException: Undefined property: Config\App::$permittedURIChars
[Method: CLI, Route: routes]
in SYSTEMPATH/Router/Router.php on line 160.
 1 SYSTEMPATH/Router/Router.php(160): CodeIgniter\Debug\Exceptions->errorHandler(2, 'Undefined property: Config\\App::$permittedURIChars', '/Users/imamfaisal/Documents/Aplikasi UMKM/vendor/codeigniter4/framework/system/Router/Router.php', 160)
 2 SYSTEMPATH/Commands/Utilities/Routes/FilterCollector.php(167): CodeIgniter\Router\Router->__construct(Object(CodeIgniter\Router\RouteCollection), Object(CodeIgniter\HTTP\IncomingRequest))
 3 SYSTEMPATH/Commands/Utilities/Routes/FilterCollector.php(73): CodeIgniter\Commands\Utilities\Routes\FilterCollector->createRouter(Object(CodeIgniter\HTTP\IncomingRequest))
 4 SYSTEMPATH/Commands/Utilities/Routes.php(120): CodeIgniter\Commands\Utilities\Routes\FilterCollector->get('GET', '/')
 5 SYSTEMPATH/CLI/Commands.php(72): CodeIgniter\Commands\Utilities\Routes->run([])
 6 SYSTEMPATH/CLI/Console.php(47): CodeIgniter\CLI\Commands->run('routes', [])
 7 SYSTEMPATH/Boot.php(442): CodeIgniter\CLI\Console->run()
 8 SYSTEMPATH/Boot.php(166): CodeIgniter\Boot::runCommand(Object(CodeIgniter\CLI\Console))
 9 ROOTPATH/spark(27): CodeIgniter\Boot::bootSpark(Object(Config\Paths))
CRITICAL - 2026-06-09 10:50:11 --> ErrorException: Undefined property: Config\App::$permittedURIChars
[Method: CLI, Route: routes]
in SYSTEMPATH/Router/Router.php on line 160.
 1 SYSTEMPATH/Router/Router.php(160): CodeIgniter\Debug\Exceptions->errorHandler(2, 'Undefined property: Config\\App::$permittedURIChars', '/Users/imamfaisal/Documents/Aplikasi UMKM/vendor/codeigniter4/framework/system/Router/Router.php', 160)
 2 SYSTEMPATH/Commands/Utilities/Routes/FilterCollector.php(167): CodeIgniter\Router\Router->__construct(Object(CodeIgniter\Router\RouteCollection), Object(CodeIgniter\HTTP\IncomingRequest))
 3 SYSTEMPATH/Commands/Utilities/Routes/FilterCollector.php(73): CodeIgniter\Commands\Utilities\Routes\FilterCollector->createRouter(Object(CodeIgniter\HTTP\IncomingRequest))
 4 SYSTEMPATH/Commands/Utilities/Routes.php(120): CodeIgniter\Commands\Utilities\Routes\FilterCollector->get('GET', '/')
 5 SYSTEMPATH/CLI/Commands.php(72): CodeIgniter\Commands\Utilities\Routes->run([])
 6 SYSTEMPATH/CLI/Console.php(47): CodeIgniter\CLI\Commands->run('routes', [])
 7 SYSTEMPATH/Boot.php(442): CodeIgniter\CLI\Console->run()
 8 SYSTEMPATH/Boot.php(166): CodeIgniter\Boot::runCommand(Object(CodeIgniter\CLI\Console))
 9 ROOTPATH/spark(27): CodeIgniter\Boot::bootSpark(Object(Config\Paths))
CRITICAL - 2026-06-09 10:50:36 --> ErrorException: Type of App\Controllers\BaseController::$helpers must not be defined (as in class CodeIgniter\Controller)
[Method: CLI, Route: routes]
in APPPATH/Controllers/BaseController.php on line 12.
 1 [internal function]: CodeIgniter\Debug\Exceptions->shutdownHandler()
ERROR - 2026-06-09 10:51:09 --> Error connecting to the database: mysqli_sql_exception: Operation not permitted in /Users/imamfaisal/Documents/Aplikasi UMKM/vendor/codeigniter4/framework/system/Database/MySQLi/Connection.php:201
Stack trace:
#0 /Users/imamfaisal/Documents/Aplikasi UMKM/vendor/codeigniter4/framework/system/Database/MySQLi/Connection.php(201): mysqli->real_connect('localhost', 'root', Object(SensitiveParameterValue), '', 3306, '', 0)
#1 /Users/imamfaisal/Documents/Aplikasi UMKM/vendor/codeigniter4/framework/system/Database/BaseConnection.php(555): CodeIgniter\Database\MySQLi\Connection->connect(false)
#2 /Users/imamfaisal/Documents/Aplikasi UMKM/vendor/codeigniter4/framework/system/Database/Database.php(74): CodeIgniter\Database\BaseConnection->initialize()
#3 /Users/imamfaisal/Documents/Aplikasi UMKM/vendor/codeigniter4/framework/system/Database/Config.php(111): CodeIgniter\Database\Database->loadForge(Object(CodeIgniter\Database\MySQLi\Connection))
#4 /Users/imamfaisal/Documents/Aplikasi UMKM/vendor/codeigniter4/framework/system/Commands/Database/CreateDatabase.php(136): CodeIgniter\Database\Config::forge()
#5 /Users/imamfaisal/Documents/Aplikasi UMKM/vendor/codeigniter4/framework/system/CLI/Commands.php(72): CodeIgniter\Commands\Database\CreateDatabase->run(Array)
#6 /Users/imamfaisal/Documents/Aplikasi UMKM/vendor/codeigniter4/framework/system/CLI/Console.php(47): CodeIgniter\CLI\Commands->run('db:create', Array)
#7 /Users/imamfaisal/Documents/Aplikasi UMKM/vendor/codeigniter4/framework/system/Boot.php(442): CodeIgniter\CLI\Console->run()
#8 /Users/imamfaisal/Documents/Aplikasi UMKM/vendor/codeigniter4/framework/system/Boot.php(166): CodeIgniter\Boot::runCommand(Object(CodeIgniter\CLI\Console))
#9 /Users/imamfaisal/Documents/Aplikasi UMKM/spark(27): CodeIgniter\Boot::bootSpark(Object(Config\Paths))
#10 {main}

Next CodeIgniter\Database\Exceptions\DatabaseException: Operation not permitted in /Users/imamfaisal/Documents/Aplikasi UMKM/vendor/codeigniter4/framework/system/Database/MySQLi/Connection.php:231
Stack trace:
#0 /Users/imamfaisal/Documents/Aplikasi UMKM/vendor/codeigniter4/framework/system/Database/BaseConnection.php(555): CodeIgniter\Database\MySQLi\Connection->connect(false)
#1 /Users/imamfaisal/Documents/Aplikasi UMKM/vendor/codeigniter4/framework/system/Database/Database.php(74): CodeIgniter\Database\BaseConnection->initialize()
#2 /Users/imamfaisal/Documents/Aplikasi UMKM/vendor/codeigniter4/framework/system/Database/Config.php(111): CodeIgniter\Database\Database->loadForge(Object(CodeIgniter\Database\MySQLi\Connection))
#3 /Users/imamfaisal/Documents/Aplikasi UMKM/vendor/codeigniter4/framework/system/Commands/Database/CreateDatabase.php(136): CodeIgniter\Database\Config::forge()
#4 /Users/imamfaisal/Documents/Aplikasi UMKM/vendor/codeigniter4/framework/system/CLI/Commands.php(72): CodeIgniter\Commands\Database\CreateDatabase->run(Array)
#5 /Users/imamfaisal/Documents/Aplikasi UMKM/vendor/codeigniter4/framework/system/CLI/Console.php(47): CodeIgniter\CLI\Commands->run('db:create', Array)
#6 /Users/imamfaisal/Documents/Aplikasi UMKM/vendor/codeigniter4/framework/system/Boot.php(442): CodeIgniter\CLI\Console->run()
#7 /Users/imamfaisal/Documents/Aplikasi UMKM/vendor/codeigniter4/framework/system/Boot.php(166): CodeIgniter\Boot::runCommand(Object(CodeIgniter\CLI\Console))
#8 /Users/imamfaisal/Documents/Aplikasi UMKM/spark(27): CodeIgniter\Boot::bootSpark(Object(Config\Paths))
#9 {main}
ERROR - 2026-06-09 10:51:22 --> Error connecting to the database: mysqli_sql_exception: Access denied for user 'root'@'localhost' (using password: NO) in /Users/imamfaisal/Documents/Aplikasi UMKM/vendor/codeigniter4/framework/system/Database/MySQLi/Connection.php:201
Stack trace:
#0 /Users/imamfaisal/Documents/Aplikasi UMKM/vendor/codeigniter4/framework/system/Database/MySQLi/Connection.php(201): mysqli->real_connect('localhost', 'root', Object(SensitiveParameterValue), '', 3306, '', 0)
#1 /Users/imamfaisal/Documents/Aplikasi UMKM/vendor/codeigniter4/framework/system/Database/BaseConnection.php(555): CodeIgniter\Database\MySQLi\Connection->connect(false)
#2 /Users/imamfaisal/Documents/Aplikasi UMKM/vendor/codeigniter4/framework/system/Database/Database.php(74): CodeIgniter\Database\BaseConnection->initialize()
#3 /Users/imamfaisal/Documents/Aplikasi UMKM/vendor/codeigniter4/framework/system/Database/Config.php(111): CodeIgniter\Database\Database->loadForge(Object(CodeIgniter\Database\MySQLi\Connection))
#4 /Users/imamfaisal/Documents/Aplikasi UMKM/vendor/codeigniter4/framework/system/Commands/Database/CreateDatabase.php(136): CodeIgniter\Database\Config::forge()
#5 /Users/imamfaisal/Documents/Aplikasi UMKM/vendor/codeigniter4/framework/system/CLI/Commands.php(72): CodeIgniter\Commands\Database\CreateDatabase->run(Array)
#6 /Users/imamfaisal/Documents/Aplikasi UMKM/vendor/codeigniter4/framework/system/CLI/Console.php(47): CodeIgniter\CLI\Commands->run('db:create', Array)
#7 /Users/imamfaisal/Documents/Aplikasi UMKM/vendor/codeigniter4/framework/system/Boot.php(442): CodeIgniter\CLI\Console->run()
#8 /Users/imamfaisal/Documents/Aplikasi UMKM/vendor/codeigniter4/framework/system/Boot.php(166): CodeIgniter\Boot::runCommand(Object(CodeIgniter\CLI\Console))
#9 /Users/imamfaisal/Documents/Aplikasi UMKM/spark(27): CodeIgniter\Boot::bootSpark(Object(Config\Paths))
#10 {main}

Next CodeIgniter\Database\Exceptions\DatabaseException: Access denied for user '****'@'localhost' (using password: NO) in /Users/imamfaisal/Documents/Aplikasi UMKM/vendor/codeigniter4/framework/system/Database/MySQLi/Connection.php:231
Stack trace:
#0 /Users/imamfaisal/Documents/Aplikasi UMKM/vendor/codeigniter4/framework/system/Database/BaseConnection.php(555): CodeIgniter\Database\MySQLi\Connection->connect(false)
#1 /Users/imamfaisal/Documents/Aplikasi UMKM/vendor/codeigniter4/framework/system/Database/Database.php(74): CodeIgniter\Database\BaseConnection->initialize()
#2 /Users/imamfaisal/Documents/Aplikasi UMKM/vendor/codeigniter4/framework/system/Database/Config.php(111): CodeIgniter\Database\Database->loadForge(Object(CodeIgniter\Database\MySQLi\Connection))
#3 /Users/imamfaisal/Documents/Aplikasi UMKM/vendor/codeigniter4/framework/system/Commands/Database/CreateDatabase.php(136): CodeIgniter\Database\Config::forge()
#4 /Users/imamfaisal/Documents/Aplikasi UMKM/vendor/codeigniter4/framework/system/CLI/Commands.php(72): CodeIgniter\Commands\Database\CreateDatabase->run(Array)
#5 /Users/imamfaisal/Documents/Aplikasi UMKM/vendor/codeigniter4/framework/system/CLI/Console.php(47): CodeIgniter\CLI\Commands->run('db:create', Array)
#6 /Users/imamfaisal/Documents/Aplikasi UMKM/vendor/codeigniter4/framework/system/Boot.php(442): CodeIgniter\CLI\Console->run()
#7 /Users/imamfaisal/Documents/Aplikasi UMKM/vendor/codeigniter4/framework/system/Boot.php(166): CodeIgniter\Boot::runCommand(Object(CodeIgniter\CLI\Console))
#8 /Users/imamfaisal/Documents/Aplikasi UMKM/spark(27): CodeIgniter\Boot::bootSpark(Object(Config\Paths))
#9 {main}
DEBUG - 2026-06-09 14:32:41 --> Session: Class initialized using 'CodeIgniter\Session\Handlers\FileHandler' driver.
DEBUG - 2026-06-09 14:32:44 --> Session: Class initialized using 'CodeIgniter\Session\Handlers\FileHandler' driver.
DEBUG - 2026-06-09 14:32:45 --> Session: Class initialized using 'CodeIgniter\Session\Handlers\FileHandler' driver.
DEBUG - 2026-06-09 14:32:47 --> Session: Class initialized using 'CodeIgniter\Session\Handlers\FileHandler' driver.
DEBUG - 2026-06-09 14:32:48 --> Session: Class initialized using 'CodeIgniter\Session\Handlers\FileHandler' driver.
DEBUG - 2026-06-09 14:32:50 --> Session: Class initialized using 'CodeIgniter\Session\Handlers\FileHandler' driver.
DEBUG - 2026-06-09 14:32:51 --> Session: Class initialized using 'CodeIgniter\Session\Handlers\FileHandler' driver.
DEBUG - 2026-06-09 14:32:52 --> Session: Class initialized using 'CodeIgniter\Session\Handlers\FileHandler' driver.
DEBUG - 2026-06-09 14:32:54 --> Session: Class initialized using 'CodeIgniter\Session\Handlers\FileHandler' driver.
DEBUG - 2026-06-09 14:32:56 --> Session: Class initialized using 'CodeIgniter\Session\Handlers\FileHandler' driver.
DEBUG - 2026-06-09 14:32:57 --> Session: Class initialized using 'CodeIgniter\Session\Handlers\FileHandler' driver.
DEBUG - 2026-06-09 14:32:59 --> Session: Class initialized using 'CodeIgniter\Session\Handlers\FileHandler' driver.
DEBUG - 2026-06-09 14:33:01 --> Session: Class initialized using 'CodeIgniter\Session\Handlers\FileHandler' driver.
DEBUG - 2026-06-09 14:33:03 --> Session: Class initialized using 'CodeIgniter\Session\Handlers\FileHandler' driver.
DEBUG - 2026-06-09 14:33:13 --> Session: Class initialized using 'CodeIgniter\Session\Handlers\FileHandler' driver.
DEBUG - 2026-06-09 14:33:14 --> Session: Class initialized using 'CodeIgniter\Session\Handlers\FileHandler' driver.
DEBUG - 2026-06-09 14:33:15 --> Session: Class initialized using 'CodeIgniter\Session\Handlers\FileHandler' driver.
DEBUG - 2026-06-09 14:33:15 --> Session: Class initialized using 'CodeIgniter\Session\Handlers\FileHandler' driver.
DEBUG - 2026-06-09 14:33:32 --> Session: Class initialized using 'CodeIgniter\Session\Handlers\FileHandler' driver.
DEBUG - 2026-06-09 14:33:32 --> Session: Class initialized using 'CodeIgniter\Session\Handlers\FileHandler' driver.
DEBUG - 2026-06-09 14:34:43 --> Session: Class initialized using 'CodeIgniter\Session\Handlers\FileHandler' driver.
DEBUG - 2026-06-09 14:34:57 --> Session: Class initialized using 'CodeIgniter\Session\Handlers\FileHandler' driver.
DEBUG - 2026-06-09 14:34:59 --> Session: Class initialized using 'CodeIgniter\Session\Handlers\FileHandler' driver.
DEBUG - 2026-06-09 14:35:03 --> Session: Class initialized using 'CodeIgniter\Session\Handlers\FileHandler' driver.
DEBUG - 2026-06-09 14:35:51 --> Session: Class initialized using 'CodeIgniter\Session\Handlers\FileHandler' driver.
DEBUG - 2026-06-09 14:35:53 --> Session: Class initialized using 'CodeIgniter\Session\Handlers\FileHandler' driver.
DEBUG - 2026-06-09 14:35:54 --> Session: Class initialized using 'CodeIgniter\Session\Handlers\FileHandler' driver.
DEBUG - 2026-06-09 14:35:58 --> Session: Class initialized using 'CodeIgniter\Session\Handlers\FileHandler' driver.
DEBUG - 2026-06-09 14:36:02 --> Session: Class initialized using 'CodeIgniter\Session\Handlers\FileHandler' driver.
DEBUG - 2026-06-09 14:36:03 --> Session: Class initialized using 'CodeIgniter\Session\Handlers\FileHandler' driver.
DEBUG - 2026-06-09 14:36:05 --> Session: Class initialized using 'CodeIgniter\Session\Handlers\FileHandler' driver.
DEBUG - 2026-06-09 14:36:09 --> Session: Class initialized using 'CodeIgniter\Session\Handlers\FileHandler' driver.
DEBUG - 2026-06-09 14:36:09 --> Session: Class initialized using 'CodeIgniter\Session\Handlers\FileHandler' driver.
DEBUG - 2026-06-09 14:37:51 --> Session: Class initialized using 'CodeIgniter\Session\Handlers\FileHandler' driver.
DEBUG - 2026-06-09 14:37:51 --> Session: Class initialized using 'CodeIgniter\Session\Handlers\FileHandler' driver.
DEBUG - 2026-06-09 14:37:57 --> Session: Class initialized using 'CodeIgniter\Session\Handlers\FileHandler' driver.
DEBUG - 2026-06-09 14:38:01 --> Session: Class initialized using 'CodeIgniter\Session\Handlers\FileHandler' driver.
DEBUG - 2026-06-09 14:38:08 --> Session: Class initialized using 'CodeIgniter\Session\Handlers\FileHandler' driver.
DEBUG - 2026-06-09 14:38:10 --> Session: Class initialized using 'CodeIgniter\Session\Handlers\FileHandler' driver.
DEBUG - 2026-06-09 14:38:14 --> Session: Class initialized using 'CodeIgniter\Session\Handlers\FileHandler' driver.
DEBUG - 2026-06-09 14:38:19 --> Session: Class initialized using 'CodeIgniter\Session\Handlers\FileHandler' driver.
DEBUG - 2026-06-09 14:38:23 --> Session: Class initialized using 'CodeIgniter\Session\Handlers\FileHandler' driver.
DEBUG - 2026-06-09 14:38:26 --> Session: Class initialized using 'CodeIgniter\Session\Handlers\FileHandler' driver.
DEBUG - 2026-06-09 14:38:32 --> Session: Class initialized using 'CodeIgniter\Session\Handlers\FileHandler' driver.
DEBUG - 2026-06-09 14:38:33 --> Session: Class initialized using 'CodeIgniter\Session\Handlers\FileHandler' driver.
DEBUG - 2026-06-09 14:38:35 --> Session: Class initialized using 'CodeIgniter\Session\Handlers\FileHandler' driver.
DEBUG - 2026-06-09 14:38:39 --> Session: Class initialized using 'CodeIgniter\Session\Handlers\FileHandler' driver.
DEBUG - 2026-06-09 14:38:41 --> Session: Class initialized using 'CodeIgniter\Session\Handlers\FileHandler' driver.
DEBUG - 2026-06-09 14:38:45 --> Session: Class initialized using 'CodeIgniter\Session\Handlers\FileHandler' driver.
DEBUG - 2026-06-09 14:38:56 --> Session: Class initialized using 'CodeIgniter\Session\Handlers\FileHandler' driver.
DEBUG - 2026-06-09 14:38:58 --> Session: Class initialized using 'CodeIgniter\Session\Handlers\FileHandler' driver.
DEBUG - 2026-06-09 14:38:58 --> Session: Class initialized using 'CodeIgniter\Session\Handlers\FileHandler' driver.
DEBUG - 2026-06-09 14:41:23 --> Session: Class initialized using 'CodeIgniter\Session\Handlers\FileHandler' driver.
DEBUG - 2026-06-09 14:43:14 --> Session: Class initialized using 'CodeIgniter\Session\Handlers\FileHandler' driver.
DEBUG - 2026-06-09 14:43:14 --> Session: Class initialized using 'CodeIgniter\Session\Handlers\FileHandler' driver.
DEBUG - 2026-06-09 14:43:20 --> Session: Class initialized using 'CodeIgniter\Session\Handlers\FileHandler' driver.
DEBUG - 2026-06-09 14:43:22 --> Session: Class initialized using 'CodeIgniter\Session\Handlers\FileHandler' driver.
DEBUG - 2026-06-09 14:43:24 --> Session: Class initialized using 'CodeIgniter\Session\Handlers\FileHandler' driver.
DEBUG - 2026-06-09 14:43:26 --> Session: Class initialized using 'CodeIgniter\Session\Handlers\FileHandler' driver.
DEBUG - 2026-06-09 14:43:35 --> Session: Class initialized using 'CodeIgniter\Session\Handlers\FileHandler' driver.
DEBUG - 2026-06-09 14:43:44 --> Session: Class initialized using 'CodeIgniter\Session\Handlers\FileHandler' driver.
DEBUG - 2026-06-09 14:47:25 --> Session: Class initialized using 'CodeIgniter\Session\Handlers\FileHandler' driver.
DEBUG - 2026-06-09 14:47:26 --> Session: Class initialized using 'CodeIgniter\Session\Handlers\FileHandler' driver.
DEBUG - 2026-06-09 14:47:28 --> Session: Class initialized using 'CodeIgniter\Session\Handlers\FileHandler' driver.
DEBUG - 2026-06-09 14:47:30 --> Session: Class initialized using 'CodeIgniter\Session\Handlers\FileHandler' driver.
DEBUG - 2026-06-09 14:47:30 --> Session: Class initialized using 'CodeIgniter\Session\Handlers\FileHandler' driver.
DEBUG - 2026-06-09 14:47:32 --> Session: Class initialized using 'CodeIgniter\Session\Handlers\FileHandler' driver.
DEBUG - 2026-06-09 14:47:33 --> Session: Class initialized using 'CodeIgniter\Session\Handlers\FileHandler' driver.
DEBUG - 2026-06-09 14:47:35 --> Session: Class initialized using 'CodeIgniter\Session\Handlers\FileHandler' driver.
DEBUG - 2026-06-09 14:47:35 --> Session: Class initialized using 'CodeIgniter\Session\Handlers\FileHandler' driver.
DEBUG - 2026-06-09 14:47:38 --> Session: Class initialized using 'CodeIgniter\Session\Handlers\FileHandler' driver.
DEBUG - 2026-06-09 14:47:38 --> Session: Class initialized using 'CodeIgniter\Session\Handlers\FileHandler' driver.
DEBUG - 2026-06-09 14:48:44 --> Session: Class initialized using 'CodeIgniter\Session\Handlers\FileHandler' driver.
DEBUG - 2026-06-09 14:48:46 --> Session: Class initialized using 'CodeIgniter\Session\Handlers\FileHandler' driver.
DEBUG - 2026-06-09 14:48:56 --> Session: Class initialized using 'CodeIgniter\Session\Handlers\FileHandler' driver.
DEBUG - 2026-06-09 14:49:00 --> Session: Class initialized using 'CodeIgniter\Session\Handlers\FileHandler' driver.
DEBUG - 2026-06-09 14:49:03 --> Session: Class initialized using 'CodeIgniter\Session\Handlers\FileHandler' driver.
DEBUG - 2026-06-09 14:49:04 --> Session: Class initialized using 'CodeIgniter\Session\Handlers\FileHandler' driver.
DEBUG - 2026-06-09 14:49:05 --> Session: Class initialized using 'CodeIgniter\Session\Handlers\FileHandler' driver.
DEBUG - 2026-06-09 14:49:07 --> Session: Class initialized using 'CodeIgniter\Session\Handlers\FileHandler' driver.
DEBUG - 2026-06-09 14:49:14 --> Session: Class initialized using 'CodeIgniter\Session\Handlers\FileHandler' driver.
